<?xml version="1.0" encoding="UTF-8"?>
<!-- Generated by org.testng.reporters.JUnitReportReporter -->
<testsuite hostname="Prakriti-Sharma.local" failures="0" tests="1" name="com.qa.testcases.Test004" time="6.177" errors="0" timestamp="2022-07-18T23:16:40 IST" skipped="0">
  <testcase classname="com.qa.testcases.Test004" name="method4" time="6.177"/>
  <system-out/>
</testsuite> <!-- com.qa.testcases.Test004 -->
