<?xml version="1.0" encoding="UTF-8"?>
<!-- Generated by org.testng.reporters.JUnitReportReporter -->
<testsuite hostname="Prakriti-Sharma.local" failures="0" tests="1" name="com.qa.testscripts.Test001" time="9.327" errors="0" timestamp="2022-07-18T20:31:33 IST" skipped="0">
  <testcase classname="com.qa.testscripts.Test001" name="method1" time="9.327"/>
  <system-out/>
</testsuite> <!-- com.qa.testscripts.Test001 -->
